{
  "RSpec": {
    "coverage": {
      "/Users/rolando/Makers/bookmark_manager_elizabeth/spec/features/create_links_feature_spec.rb": [
        1,
        1,
        1,
        null,
        1,
        1,
        1,
        1,
        1,
        1,
        1,
        null,
        null,
        null,
        1,
        null,
        1,
        1,
        null,
        null,
        null,
        null,
        null,
        null
      ],
      "/Users/rolando/Makers/bookmark_manager_elizabeth/spec/features/links_bubbles_feature_test_spec.rb": [
        1,
        1,
        1,
        null,
        1,
        1,
        1,
        1,
        0,
        0,
        0,
        null,
        null,
        null,
        null
      ],
      "/Users/rolando/Makers/bookmark_manager_elizabeth/spec/features/tag_links_feature_spec.rb": [
        1,
        1,
        1,
        null,
        1,
        1,
        1,
        1,
        1,
        1,
        1,
        1,
        null,
        1,
        null,
        1,
        1,
        1,
        null,
        null,
        null,
        null,
        null
      ],
      "/Users/rolando/Makers/bookmark_manager_elizabeth/spec/features/view_links_feature_spec.rb": [
        1,
        1,
        1,
        null,
        null,
        1,
        1,
        1,
        1,
        1,
        null,
        1,
        1,
        null,
        null,
        null,
        null,
        null,
        null
      ]
    },
    "timestamp": 1503591701
  }
}
