{
  "RSpec": {
    "coverage": {
      "/Users/elizabethchan/Desktop/Makers Academy/week4/bookmark_manager/spec/features/create_links_feature_spec.rb": [
        1,
        1,
        1,
        null,
        1,
        1,
        1,
        1,
        1,
        1,
        1,
        null,
        null,
        null,
        1,
        null,
        1,
        1,
        null,
        null,
        null,
        null,
        null,
        null
      ],
      "/Users/elizabethchan/Desktop/Makers Academy/week4/bookmark_manager/spec/features/multiple_tags_feature_test_spec.rb": [
        1,
        1,
        1,
        null,
        1,
        1,
        1,
        1,
        1,
        1,
        1,
        1,
        1,
        null,
        1,
        1,
        1,
        null,
        null,
        null,
        null
      ],
      "/Users/elizabethchan/Desktop/Makers Academy/week4/bookmark_manager/spec/features/password_confirmation_spec.rb": [
        1,
        1,
        1,
        null,
        1,
        1,
        2,
        null,
        1,
        1,
        null,
        null,
        null
      ],
      "/Users/elizabethchan/Desktop/Makers Academy/week4/bookmark_manager/spec/web_helper.rb": [
        null,
        null,
        null,
        null,
        null,
        null,
        null,
        null,
        null,
        null,
        null,
        null,
        null,
        null,
        null,
        null,
        null,
        null,
        1,
        6,
        6,
        6,
        6,
        6,
        null
      ],
      "/Users/elizabethchan/Desktop/Makers Academy/week4/bookmark_manager/spec/features/tag_links_feature_spec.rb": [
        1,
        1,
        1,
        1,
        null,
        1,
        1,
        1,
        1,
        1,
        1,
        1,
        1,
        null,
        1,
        null,
        1,
        1,
        1,
        null,
        null,
        null,
        null,
        null
      ],
      "/Users/elizabethchan/Desktop/Makers Academy/week4/bookmark_manager/spec/features/user_sign_up_spec.rb": [
        1,
        null,
        1,
        1,
        null,
        1,
        1,
        2,
        1,
        1,
        null,
        null,
        1,
        2,
        1,
        1,
        null,
        null,
        1,
        2,
        1,
        1,
        null,
        null,
        1,
        1,
        2,
        1,
        null,
        null
      ],
      "/Users/elizabethchan/Desktop/Makers Academy/week4/bookmark_manager/spec/features/view_links_feature_spec.rb": [
        1,
        1,
        1,
        null,
        null,
        1,
        1,
        1,
        1,
        1,
        null,
        1,
        1,
        null,
        null,
        null,
        null,
        null,
        null
      ]
    },
    "timestamp": 1503952371
  }
}
